<?xml version="1.0" encoding="UTF-8"?>
<!-- Generated by org.testng.reporters.JUnitReportReporter -->
<testsuite skipped="0" hostname="DESKTOP-TREMUB9" name="interview_Programs_Logic.BinToDec" tests="1" failures="0" timestamp="30 Aug 2018 14:27:40 GMT" time="0.032" errors="0">
  <testcase name="dec2bin" time="0.032" classname="interview_Programs_Logic.BinToDec"/>
</testsuite> <!-- interview_Programs_Logic.BinToDec -->
