<?xml version="1.0" encoding="UTF-8"?>
<!-- Generated by org.testng.reporters.JUnitReportReporter -->
<testsuite hostname="Manohar_w10" name="programs_ForLoop.ForLoopPrograms" tests="2" failures="0" timestamp="1 Feb 2017 05:36:16 GMT" time="0.035" errors="0">
  <testcase name="RemoveDuplicateLettersString" time="0.029" classname="programs_ForLoop.ForLoopPrograms"/>
  <testcase name="removedupString" time="0.006" classname="programs_ForLoop.ForLoopPrograms"/>
</testsuite> <!-- programs_ForLoop.ForLoopPrograms -->
