<?xml version="1.0" encoding="UTF-8"?>
<!-- Generated by org.testng.reporters.JUnitReportReporter -->
<testsuite skipped="2" hostname="DESKTOP-TREMUB9" name="programs.PatternMatcher" tests="3" failures="0" timestamp="17 Aug 2018 06:36:48 GMT" time="0.014" errors="0">
  <testcase name="separate" time="0.014" classname="programs.PatternMatcher"/>
  <testcase name="f" classname="programs.PatternMatcher">
    <skipped/>
  </testcase> <!-- f -->
  <testcase name="count" classname="programs.PatternMatcher">
    <skipped/>
  </testcase> <!-- count -->
</testsuite> <!-- programs.PatternMatcher -->
