<?xml version="1.0" encoding="UTF-8"?>
<!-- Generated by org.testng.reporters.JUnitReportReporter -->
<testsuite skipped="2" hostname="DESKTOP-TREMUB9" name="programs.Stars_Patterns" tests="5" failures="0" timestamp="30 Aug 2018 16:30:28 GMT" time="0.024" errors="0">
  <testcase name="apyramid" time="0.013" classname="programs.Stars_Patterns"/>
  <testcase name="cpyramid_1" time="0.006" classname="programs.Stars_Patterns"/>
  <testcase name="bhallow" time="0.005" classname="programs.Stars_Patterns"/>
  <testcase name="f2" classname="programs.Stars_Patterns">
    <skipped/>
  </testcase> <!-- f2 -->
  <testcase name="f1" classname="programs.Stars_Patterns">
    <skipped/>
  </testcase> <!-- f1 -->
</testsuite> <!-- programs.Stars_Patterns -->
