<?xml version="1.0" encoding="UTF-8"?>
<!-- Generated by org.testng.reporters.JUnitReportReporter -->
<testsuite skipped="2" hostname="DESKTOP-TREMUB9" name="programs.RemovingDuplicates" tests="3" failures="0" timestamp="17 Aug 2018 08:33:27 GMT" time="0.016" errors="0">
  <testcase name="rmovedupN" time="0.016" classname="programs.RemovingDuplicates"/>
  <testcase name="dupremove" classname="programs.RemovingDuplicates">
    <skipped/>
  </testcase> <!-- dupremove -->
  <testcase name="removedup2" classname="programs.RemovingDuplicates">
    <skipped/>
  </testcase> <!-- removedup2 -->
</testsuite> <!-- programs.RemovingDuplicates -->
